<?xml version="1.0" encoding="UTF-8"?>
<robot generator="Robot 6.1.1 (Python 3.11.3 on darwin)" generated="20241009 22:39:55.053" rpa="false" schemaversion="4">
<suite id="s1" name="TestCaseTemplate" source="/Users/macbookpro/Downloads/TestTemplate 2/TestCases/TestCaseTemplate.robot">
<test id="s1-t1" name="Verify Invalid Login" line="11">
<kw name="Verify Invalid Login Template" library="Keywords_Template">
<arg>standard</arg>
<arg>secret_sauce</arg>
<arg>Epic sadface: Username and password do not match any user in this service</arg>
<kw name="Launch Browser and Navigate to Url" library="Keywords">
<kw name="Open Browser" library="SeleniumLibrary">
<arg>${url}</arg>
<arg>${browser}</arg>
<doc>Opens a new browser instance to the optional ``url``.</doc>
<msg timestamp="20241009 22:39:55.196" level="INFO">Opening browser 'Chrome' to base url 'https://www.saucedemo.com/v1/index.html'.</msg>
<status status="PASS" starttime="20241009 22:39:55.196" endtime="20241009 22:40:01.774"/>
</kw>
<kw name="Maximize Browser Window" library="SeleniumLibrary">
<doc>Maximizes current browser window.</doc>
<status status="PASS" starttime="20241009 22:40:01.775" endtime="20241009 22:40:02.102"/>
</kw>
<status status="PASS" starttime="20241009 22:39:55.196" endtime="20241009 22:40:02.103"/>
</kw>
<kw name="Verify Login Page" library="Keywords">
<kw name="Title Should Be" library="SeleniumLibrary">
<arg>${title}</arg>
<doc>Verifies that the current page title equals ``title``.</doc>
<msg timestamp="20241009 22:40:02.136" level="INFO">Page title is 'Swag Labs'.</msg>
<status status="PASS" starttime="20241009 22:40:02.103" endtime="20241009 22:40:02.136"/>
</kw>
<status status="PASS" starttime="20241009 22:40:02.103" endtime="20241009 22:40:02.136"/>
</kw>
<kw name="Input Username" library="Keywords">
<arg>${username}</arg>
<kw name="Wait Until Element Is Visible" library="SeleniumLibrary">
<arg>${username_loc}</arg>
<doc>Waits until the element ``locator`` is visible.</doc>
<status status="PASS" starttime="20241009 22:40:02.137" endtime="20241009 22:40:02.221"/>
</kw>
<kw name="Input Text" library="SeleniumLibrary">
<arg>${username_loc}</arg>
<arg>${username}</arg>
<doc>Types the given ``text`` into the text field identified by ``locator``.</doc>
<msg timestamp="20241009 22:40:02.222" level="INFO">Typing text 'standard' into text field 'css:#user-name'.</msg>
<status status="PASS" starttime="20241009 22:40:02.221" endtime="20241009 22:40:03.100"/>
</kw>
<status status="PASS" starttime="20241009 22:40:02.136" endtime="20241009 22:40:03.102"/>
</kw>
<kw name="Input Passwords" library="Keywords">
<arg>${password}</arg>
<kw name="Wait Until Element Is Visible" library="SeleniumLibrary">
<arg>${password_loc}</arg>
<doc>Waits until the element ``locator`` is visible.</doc>
<status status="PASS" starttime="20241009 22:40:03.104" endtime="20241009 22:40:03.154"/>
</kw>
<kw name="Input Text" library="SeleniumLibrary">
<arg>${password_loc}</arg>
<arg>${password}</arg>
<doc>Types the given ``text`` into the text field identified by ``locator``.</doc>
<msg timestamp="20241009 22:40:03.155" level="INFO">Typing text 'secret_sauce' into text field 'css:#password'.</msg>
<status status="PASS" starttime="20241009 22:40:03.155" endtime="20241009 22:40:03.453"/>
</kw>
<status status="PASS" starttime="20241009 22:40:03.103" endtime="20241009 22:40:03.453"/>
</kw>
<kw name="Submit Credentials" library="Keywords">
<kw name="Wait Until Element Is Visible" library="SeleniumLibrary">
<arg>${loginBtn_Loc}</arg>
<doc>Waits until the element ``locator`` is visible.</doc>
<status status="PASS" starttime="20241009 22:40:03.454" endtime="20241009 22:40:03.580"/>
</kw>
<kw name="Click Button" library="SeleniumLibrary">
<arg>${loginBtn_Loc}</arg>
<doc>Clicks the button identified by ``locator``.</doc>
<msg timestamp="20241009 22:40:03.581" level="INFO">Clicking button 'css:#login-button'.</msg>
<status status="PASS" starttime="20241009 22:40:03.581" endtime="20241009 22:40:04.435"/>
</kw>
<status status="PASS" starttime="20241009 22:40:03.453" endtime="20241009 22:40:04.435"/>
</kw>
<kw name="Verify Error Message" library="Keywords">
<arg>${errMsg}</arg>
<kw name="Wait Until Element Is Visible" library="SeleniumLibrary">
<arg>${errorMsg_Loc}</arg>
<doc>Waits until the element ``locator`` is visible.</doc>
<status status="PASS" starttime="20241009 22:40:04.436" endtime="20241009 22:40:04.556"/>
</kw>
<kw name="Element Should Contain" library="SeleniumLibrary">
<arg>${errorMsg_Loc}</arg>
<arg>${error_msg}</arg>
<doc>Verifies that element ``locator`` contains text ``expected``.</doc>
<msg timestamp="20241009 22:40:04.712" level="INFO">Element 'css:h3' contains text 'Epic sadface: Username and password do not match any user in this service'.</msg>
<status status="PASS" starttime="20241009 22:40:04.556" endtime="20241009 22:40:04.712"/>
</kw>
<status status="PASS" starttime="20241009 22:40:04.436" endtime="20241009 22:40:04.712"/>
</kw>
<kw name="clear error message" library="Keywords">
<kw name="Click Element" library="SeleniumLibrary">
<arg>${closeIcon_Loc}</arg>
<doc>Click the element identified by ``locator``.</doc>
<msg timestamp="20241009 22:40:04.713" level="INFO">Clicking element 'css:button.error-button'.</msg>
<status status="PASS" starttime="20241009 22:40:04.713" endtime="20241009 22:40:04.828"/>
</kw>
<status status="PASS" starttime="20241009 22:40:04.712" endtime="20241009 22:40:04.828"/>
</kw>
<kw name="Browser Close" library="Keywords">
<kw name="Close Browser" library="SeleniumLibrary">
<doc>Closes the current browser.</doc>
<status status="PASS" starttime="20241009 22:40:04.829" endtime="20241009 22:40:04.897"/>
</kw>
<status status="PASS" starttime="20241009 22:40:04.829" endtime="20241009 22:40:04.898"/>
</kw>
<status status="PASS" starttime="20241009 22:39:55.195" endtime="20241009 22:40:04.898"/>
</kw>
<kw name="Verify Invalid Login Template" library="Keywords_Template">
<arg>standard_user</arg>
<arg>secret</arg>
<arg>Epic sadface: Username and password do not match any user in this service</arg>
<kw name="Launch Browser and Navigate to Url" library="Keywords">
<kw name="Open Browser" library="SeleniumLibrary">
<arg>${url}</arg>
<arg>${browser}</arg>
<doc>Opens a new browser instance to the optional ``url``.</doc>
<msg timestamp="20241009 22:40:04.899" level="INFO">Opening browser 'Chrome' to base url 'https://www.saucedemo.com/v1/index.html'.</msg>
<status status="PASS" starttime="20241009 22:40:04.899" endtime="20241009 22:40:10.856"/>
</kw>
<kw name="Maximize Browser Window" library="SeleniumLibrary">
<doc>Maximizes current browser window.</doc>
<status status="PASS" starttime="20241009 22:40:10.856" endtime="20241009 22:40:11.187"/>
</kw>
<status status="PASS" starttime="20241009 22:40:04.898" endtime="20241009 22:40:11.187"/>
</kw>
<kw name="Verify Login Page" library="Keywords">
<kw name="Title Should Be" library="SeleniumLibrary">
<arg>${title}</arg>
<doc>Verifies that the current page title equals ``title``.</doc>
<msg timestamp="20241009 22:40:11.217" level="INFO">Page title is 'Swag Labs'.</msg>
<status status="PASS" starttime="20241009 22:40:11.188" endtime="20241009 22:40:11.217"/>
</kw>
<status status="PASS" starttime="20241009 22:40:11.187" endtime="20241009 22:40:11.217"/>
</kw>
<kw name="Input Username" library="Keywords">
<arg>${username}</arg>
<kw name="Wait Until Element Is Visible" library="SeleniumLibrary">
<arg>${username_loc}</arg>
<doc>Waits until the element ``locator`` is visible.</doc>
<status status="PASS" starttime="20241009 22:40:11.218" endtime="20241009 22:40:11.301"/>
</kw>
<kw name="Input Text" library="SeleniumLibrary">
<arg>${username_loc}</arg>
<arg>${username}</arg>
<doc>Types the given ``text`` into the text field identified by ``locator``.</doc>
<msg timestamp="20241009 22:40:11.302" level="INFO">Typing text 'standard_user' into text field 'css:#user-name'.</msg>
<status status="PASS" starttime="20241009 22:40:11.301" endtime="20241009 22:40:12.003"/>
</kw>
<status status="PASS" starttime="20241009 22:40:11.217" endtime="20241009 22:40:12.003"/>
</kw>
<kw name="Input Passwords" library="Keywords">
<arg>${password}</arg>
<kw name="Wait Until Element Is Visible" library="SeleniumLibrary">
<arg>${password_loc}</arg>
<doc>Waits until the element ``locator`` is visible.</doc>
<status status="PASS" starttime="20241009 22:40:12.004" endtime="20241009 22:40:12.053"/>
</kw>
<kw name="Input Text" library="SeleniumLibrary">
<arg>${password_loc}</arg>
<arg>${password}</arg>
<doc>Types the given ``text`` into the text field identified by ``locator``.</doc>
<msg timestamp="20241009 22:40:12.054" level="INFO">Typing text 'secret' into text field 'css:#password'.</msg>
<status status="PASS" starttime="20241009 22:40:12.053" endtime="20241009 22:40:12.206"/>
</kw>
<status status="PASS" starttime="20241009 22:40:12.004" endtime="20241009 22:40:12.206"/>
</kw>
<kw name="Submit Credentials" library="Keywords">
<kw name="Wait Until Element Is Visible" library="SeleniumLibrary">
<arg>${loginBtn_Loc}</arg>
<doc>Waits until the element ``locator`` is visible.</doc>
<status status="PASS" starttime="20241009 22:40:12.206" endtime="20241009 22:40:12.295"/>
</kw>
<kw name="Click Button" library="SeleniumLibrary">
<arg>${loginBtn_Loc}</arg>
<doc>Clicks the button identified by ``locator``.</doc>
<msg timestamp="20241009 22:40:12.296" level="INFO">Clicking button 'css:#login-button'.</msg>
<status status="PASS" starttime="20241009 22:40:12.295" endtime="20241009 22:40:13.110"/>
</kw>
<status status="PASS" starttime="20241009 22:40:12.206" endtime="20241009 22:40:13.110"/>
</kw>
<kw name="Verify Error Message" library="Keywords">
<arg>${errMsg}</arg>
<kw name="Wait Until Element Is Visible" library="SeleniumLibrary">
<arg>${errorMsg_Loc}</arg>
<doc>Waits until the element ``locator`` is visible.</doc>
<status status="PASS" starttime="20241009 22:40:13.110" endtime="20241009 22:40:13.210"/>
</kw>
<kw name="Element Should Contain" library="SeleniumLibrary">
<arg>${errorMsg_Loc}</arg>
<arg>${error_msg}</arg>
<doc>Verifies that element ``locator`` contains text ``expected``.</doc>
<msg timestamp="20241009 22:40:13.366" level="INFO">Element 'css:h3' contains text 'Epic sadface: Username and password do not match any user in this service'.</msg>
<status status="PASS" starttime="20241009 22:40:13.210" endtime="20241009 22:40:13.367"/>
</kw>
<status status="PASS" starttime="20241009 22:40:13.110" endtime="20241009 22:40:13.367"/>
</kw>
<kw name="clear error message" library="Keywords">
<kw name="Click Element" library="SeleniumLibrary">
<arg>${closeIcon_Loc}</arg>
<doc>Click the element identified by ``locator``.</doc>
<msg timestamp="20241009 22:40:13.367" level="INFO">Clicking element 'css:button.error-button'.</msg>
<status status="PASS" starttime="20241009 22:40:13.367" endtime="20241009 22:40:13.446"/>
</kw>
<status status="PASS" starttime="20241009 22:40:13.367" endtime="20241009 22:40:13.447"/>
</kw>
<kw name="Browser Close" library="Keywords">
<kw name="Close Browser" library="SeleniumLibrary">
<doc>Closes the current browser.</doc>
<status status="PASS" starttime="20241009 22:40:13.447" endtime="20241009 22:40:13.516"/>
</kw>
<status status="PASS" starttime="20241009 22:40:13.447" endtime="20241009 22:40:13.516"/>
</kw>
<status status="PASS" starttime="20241009 22:40:04.898" endtime="20241009 22:40:13.516"/>
</kw>
<kw name="Verify Invalid Login Template" library="Keywords_Template">
<arg>locked_out_user</arg>
<arg>secret_sauce</arg>
<arg>Epic sadface: Sorry, this user has been locked out.</arg>
<kw name="Launch Browser and Navigate to Url" library="Keywords">
<kw name="Open Browser" library="SeleniumLibrary">
<arg>${url}</arg>
<arg>${browser}</arg>
<doc>Opens a new browser instance to the optional ``url``.</doc>
<msg timestamp="20241009 22:40:13.519" level="INFO">Opening browser 'Chrome' to base url 'https://www.saucedemo.com/v1/index.html'.</msg>
<status status="PASS" starttime="20241009 22:40:13.519" endtime="20241009 22:40:19.399"/>
</kw>
<kw name="Maximize Browser Window" library="SeleniumLibrary">
<doc>Maximizes current browser window.</doc>
<status status="PASS" starttime="20241009 22:40:19.400" endtime="20241009 22:40:19.722"/>
</kw>
<status status="PASS" starttime="20241009 22:40:13.518" endtime="20241009 22:40:19.722"/>
</kw>
<kw name="Verify Login Page" library="Keywords">
<kw name="Title Should Be" library="SeleniumLibrary">
<arg>${title}</arg>
<doc>Verifies that the current page title equals ``title``.</doc>
<msg timestamp="20241009 22:40:19.750" level="INFO">Page title is 'Swag Labs'.</msg>
<status status="PASS" starttime="20241009 22:40:19.723" endtime="20241009 22:40:19.750"/>
</kw>
<status status="PASS" starttime="20241009 22:40:19.722" endtime="20241009 22:40:19.750"/>
</kw>
<kw name="Input Username" library="Keywords">
<arg>${username}</arg>
<kw name="Wait Until Element Is Visible" library="SeleniumLibrary">
<arg>${username_loc}</arg>
<doc>Waits until the element ``locator`` is visible.</doc>
<status status="PASS" starttime="20241009 22:40:19.751" endtime="20241009 22:40:19.825"/>
</kw>
<kw name="Input Text" library="SeleniumLibrary">
<arg>${username_loc}</arg>
<arg>${username}</arg>
<doc>Types the given ``text`` into the text field identified by ``locator``.</doc>
<msg timestamp="20241009 22:40:19.825" level="INFO">Typing text 'locked_out_user' into text field 'css:#user-name'.</msg>
<status status="PASS" starttime="20241009 22:40:19.825" endtime="20241009 22:40:20.588"/>
</kw>
<status status="PASS" starttime="20241009 22:40:19.750" endtime="20241009 22:40:20.588"/>
</kw>
<kw name="Input Passwords" library="Keywords">
<arg>${password}</arg>
<kw name="Wait Until Element Is Visible" library="SeleniumLibrary">
<arg>${password_loc}</arg>
<doc>Waits until the element ``locator`` is visible.</doc>
<status status="PASS" starttime="20241009 22:40:20.589" endtime="20241009 22:40:20.651"/>
</kw>
<kw name="Input Text" library="SeleniumLibrary">
<arg>${password_loc}</arg>
<arg>${password}</arg>
<doc>Types the given ``text`` into the text field identified by ``locator``.</doc>
<msg timestamp="20241009 22:40:20.652" level="INFO">Typing text 'secret_sauce' into text field 'css:#password'.</msg>
<status status="PASS" starttime="20241009 22:40:20.652" endtime="20241009 22:40:20.881"/>
</kw>
<status status="PASS" starttime="20241009 22:40:20.588" endtime="20241009 22:40:20.881"/>
</kw>
<kw name="Submit Credentials" library="Keywords">
<kw name="Wait Until Element Is Visible" library="SeleniumLibrary">
<arg>${loginBtn_Loc}</arg>
<doc>Waits until the element ``locator`` is visible.</doc>
<status status="PASS" starttime="20241009 22:40:20.881" endtime="20241009 22:40:20.987"/>
</kw>
<kw name="Click Button" library="SeleniumLibrary">
<arg>${loginBtn_Loc}</arg>
<doc>Clicks the button identified by ``locator``.</doc>
<msg timestamp="20241009 22:40:20.988" level="INFO">Clicking button 'css:#login-button'.</msg>
<status status="PASS" starttime="20241009 22:40:20.987" endtime="20241009 22:40:21.699"/>
</kw>
<status status="PASS" starttime="20241009 22:40:20.881" endtime="20241009 22:40:21.700"/>
</kw>
<kw name="Verify Error Message" library="Keywords">
<arg>${errMsg}</arg>
<kw name="Wait Until Element Is Visible" library="SeleniumLibrary">
<arg>${errorMsg_Loc}</arg>
<doc>Waits until the element ``locator`` is visible.</doc>
<status status="PASS" starttime="20241009 22:40:21.700" endtime="20241009 22:40:21.788"/>
</kw>
<kw name="Element Should Contain" library="SeleniumLibrary">
<arg>${errorMsg_Loc}</arg>
<arg>${error_msg}</arg>
<doc>Verifies that element ``locator`` contains text ``expected``.</doc>
<msg timestamp="20241009 22:40:21.946" level="INFO">Element 'css:h3' contains text 'Epic sadface: Sorry, this user has been locked out.'.</msg>
<status status="PASS" starttime="20241009 22:40:21.788" endtime="20241009 22:40:21.946"/>
</kw>
<status status="PASS" starttime="20241009 22:40:21.700" endtime="20241009 22:40:21.946"/>
</kw>
<kw name="clear error message" library="Keywords">
<kw name="Click Element" library="SeleniumLibrary">
<arg>${closeIcon_Loc}</arg>
<doc>Click the element identified by ``locator``.</doc>
<msg timestamp="20241009 22:40:21.947" level="INFO">Clicking element 'css:button.error-button'.</msg>
<status status="PASS" starttime="20241009 22:40:21.947" endtime="20241009 22:40:22.068"/>
</kw>
<status status="PASS" starttime="20241009 22:40:21.946" endtime="20241009 22:40:22.068"/>
</kw>
<kw name="Browser Close" library="Keywords">
<kw name="Close Browser" library="SeleniumLibrary">
<doc>Closes the current browser.</doc>
<status status="PASS" starttime="20241009 22:40:22.068" endtime="20241009 22:40:22.137"/>
</kw>
<status status="PASS" starttime="20241009 22:40:22.068" endtime="20241009 22:40:22.137"/>
</kw>
<status status="PASS" starttime="20241009 22:40:13.517" endtime="20241009 22:40:22.137"/>
</kw>
<kw name="Verify Invalid Login Template" library="Keywords_Template">
<arg>${EMPTY}</arg>
<arg>${EMPTY}</arg>
<arg>Epic sadface: Username is required</arg>
<kw name="Launch Browser and Navigate to Url" library="Keywords">
<kw name="Open Browser" library="SeleniumLibrary">
<arg>${url}</arg>
<arg>${browser}</arg>
<doc>Opens a new browser instance to the optional ``url``.</doc>
<msg timestamp="20241009 22:40:22.139" level="INFO">Opening browser 'Chrome' to base url 'https://www.saucedemo.com/v1/index.html'.</msg>
<status status="PASS" starttime="20241009 22:40:22.139" endtime="20241009 22:40:27.978"/>
</kw>
<kw name="Maximize Browser Window" library="SeleniumLibrary">
<doc>Maximizes current browser window.</doc>
<status status="PASS" starttime="20241009 22:40:27.978" endtime="20241009 22:40:28.307"/>
</kw>
<status status="PASS" starttime="20241009 22:40:22.139" endtime="20241009 22:40:28.308"/>
</kw>
<kw name="Verify Login Page" library="Keywords">
<kw name="Title Should Be" library="SeleniumLibrary">
<arg>${title}</arg>
<doc>Verifies that the current page title equals ``title``.</doc>
<msg timestamp="20241009 22:40:28.338" level="INFO">Page title is 'Swag Labs'.</msg>
<status status="PASS" starttime="20241009 22:40:28.308" endtime="20241009 22:40:28.339"/>
</kw>
<status status="PASS" starttime="20241009 22:40:28.308" endtime="20241009 22:40:28.339"/>
</kw>
<kw name="Input Username" library="Keywords">
<arg>${username}</arg>
<kw name="Wait Until Element Is Visible" library="SeleniumLibrary">
<arg>${username_loc}</arg>
<doc>Waits until the element ``locator`` is visible.</doc>
<status status="PASS" starttime="20241009 22:40:28.339" endtime="20241009 22:40:28.423"/>
</kw>
<kw name="Input Text" library="SeleniumLibrary">
<arg>${username_loc}</arg>
<arg>${username}</arg>
<doc>Types the given ``text`` into the text field identified by ``locator``.</doc>
<msg timestamp="20241009 22:40:28.423" level="INFO">Typing text '' into text field 'css:#user-name'.</msg>
<status status="PASS" starttime="20241009 22:40:28.423" endtime="20241009 22:40:28.758"/>
</kw>
<status status="PASS" starttime="20241009 22:40:28.339" endtime="20241009 22:40:28.758"/>
</kw>
<kw name="Input Passwords" library="Keywords">
<arg>${password}</arg>
<kw name="Wait Until Element Is Visible" library="SeleniumLibrary">
<arg>${password_loc}</arg>
<doc>Waits until the element ``locator`` is visible.</doc>
<status status="PASS" starttime="20241009 22:40:28.759" endtime="20241009 22:40:28.784"/>
</kw>
<kw name="Input Text" library="SeleniumLibrary">
<arg>${password_loc}</arg>
<arg>${password}</arg>
<doc>Types the given ``text`` into the text field identified by ``locator``.</doc>
<msg timestamp="20241009 22:40:28.785" level="INFO">Typing text '' into text field 'css:#password'.</msg>
<status status="PASS" starttime="20241009 22:40:28.784" endtime="20241009 22:40:28.922"/>
</kw>
<status status="PASS" starttime="20241009 22:40:28.758" endtime="20241009 22:40:28.922"/>
</kw>
<kw name="Submit Credentials" library="Keywords">
<kw name="Wait Until Element Is Visible" library="SeleniumLibrary">
<arg>${loginBtn_Loc}</arg>
<doc>Waits until the element ``locator`` is visible.</doc>
<status status="PASS" starttime="20241009 22:40:28.923" endtime="20241009 22:40:28.949"/>
</kw>
<kw name="Click Button" library="SeleniumLibrary">
<arg>${loginBtn_Loc}</arg>
<doc>Clicks the button identified by ``locator``.</doc>
<msg timestamp="20241009 22:40:28.949" level="INFO">Clicking button 'css:#login-button'.</msg>
<status status="PASS" starttime="20241009 22:40:28.949" endtime="20241009 22:40:29.284"/>
</kw>
<status status="PASS" starttime="20241009 22:40:28.922" endtime="20241009 22:40:29.284"/>
</kw>
<kw name="Verify Error Message" library="Keywords">
<arg>${errMsg}</arg>
<kw name="Wait Until Element Is Visible" library="SeleniumLibrary">
<arg>${errorMsg_Loc}</arg>
<doc>Waits until the element ``locator`` is visible.</doc>
<status status="PASS" starttime="20241009 22:40:29.285" endtime="20241009 22:40:29.353"/>
</kw>
<kw name="Element Should Contain" library="SeleniumLibrary">
<arg>${errorMsg_Loc}</arg>
<arg>${error_msg}</arg>
<doc>Verifies that element ``locator`` contains text ``expected``.</doc>
<msg timestamp="20241009 22:40:29.501" level="INFO">Element 'css:h3' contains text 'Epic sadface: Username is required'.</msg>
<status status="PASS" starttime="20241009 22:40:29.353" endtime="20241009 22:40:29.501"/>
</kw>
<status status="PASS" starttime="20241009 22:40:29.285" endtime="20241009 22:40:29.501"/>
</kw>
<kw name="clear error message" library="Keywords">
<kw name="Click Element" library="SeleniumLibrary">
<arg>${closeIcon_Loc}</arg>
<doc>Click the element identified by ``locator``.</doc>
<msg timestamp="20241009 22:40:29.502" level="INFO">Clicking element 'css:button.error-button'.</msg>
<status status="PASS" starttime="20241009 22:40:29.502" endtime="20241009 22:40:29.657"/>
</kw>
<status status="PASS" starttime="20241009 22:40:29.501" endtime="20241009 22:40:29.657"/>
</kw>
<kw name="Browser Close" library="Keywords">
<kw name="Close Browser" library="SeleniumLibrary">
<doc>Closes the current browser.</doc>
<status status="PASS" starttime="20241009 22:40:29.658" endtime="20241009 22:40:29.722"/>
</kw>
<status status="PASS" starttime="20241009 22:40:29.657" endtime="20241009 22:40:29.722"/>
</kw>
<status status="PASS" starttime="20241009 22:40:22.138" endtime="20241009 22:40:29.722"/>
</kw>
<status status="PASS" starttime="20241009 22:39:55.195" endtime="20241009 22:40:29.723"/>
</test>
<status status="PASS" starttime="20241009 22:39:55.057" endtime="20241009 22:40:29.723"/>
</suite>
<statistics>
<total>
<stat pass="1" fail="0" skip="0">All Tests</stat>
</total>
<tag>
</tag>
<suite>
<stat pass="1" fail="0" skip="0" id="s1" name="TestCaseTemplate">TestCaseTemplate</stat>
</suite>
</statistics>
<errors>
</errors>
</robot>
